<?xml version="1.0" encoding="UTF-8"?>
<testsuites name="Survey Individual Value-B" time="27.506" tests="1" failures="0" skips="0" errors="1">
   <testsuite name="Survey Individual Value-B" tests="1" failures="0" errors="1" time="27.506" skips="0" timestamp="2021-03-08 09:26:07" hostname="yusufbausa - DESKTOP-2GEK8P6" id="Test Suites/Survey Individual Value-B">
      <properties>
         <property name="deviceName" value=""/>
         <property name="devicePlatform" value=""/>
         <property name="logFolder" value="C:\\Users\\yubas\\git\\pamela-survey\\Reports\\20210308_092604\\Survey Individual Value-B\\20210308_092604"/>
         <property name="logFiles" value="C:\\Users\\yubas\\git\\pamela-survey\\Reports\\20210308_092604\\Survey Individual Value-B\\20210308_092604\\execution0.log"/>
         <property name="attachments" value=""/>
         <property name="hostName" value="yusufbausa - DESKTOP-2GEK8P6"/>
         <property name="os" value="Windows 10 64bit"/>
         <property name="katalonVersion" value="7.8.0.208"/>
         <property name="browser" value="Chrome 89.0.4389.82"/>
         <property name="hostAddress" value="192.168.171.228"/>
         <property name="sessionId" value="4cccc95f8636f55ae01054df6f178996"/>
         <property name="seleniumVersion" value="3.141.59"/>
         <property name="proxyInformation" value="ProxyInformation { proxyOption=NO_PROXY, proxyServerType=HTTP, username=, password=********, proxyServerAddress=, proxyServerPort=0, executionList=&quot;&quot;, isApplyToDesiredCapabilities=true }"/>
         <property name="platform" value="Windows 10"/>
      </properties>
      <testcase name="Test Cases/Individual Value-B - DD" time="25.601" classname="Test Cases/Individual Value-B - DD" status="ERROR">
         <error type="ERROR" message="Test Cases/Individual Value-B - DD FAILED.
Reason:
groovy.lang.MissingMethodException: No signature of method: static com.kms.katalon.core.webui.keyword.WebUiBuiltInKeywords.click() is applicable for argument types: (com.kms.katalon.core.testobject.TestObject, java.lang.String) values: [TestObject - 'Object Repository/Individual Value-B/RadioButton_Question_No_01 - DD', ...]
Possible solutions: click(com.kms.katalon.core.testobject.TestObject), click(com.kms.katalon.core.testobject.TestObject, com.kms.katalon.core.model.FailureHandling), check(com.kms.katalon.core.testobject.TestObject), check(com.kms.katalon.core.testobject.TestObject, com.kms.katalon.core.model.FailureHandling), back(), wait()
	at Individual Value-B - DD.run(Individual Value-B - DD:39)
	at com.kms.katalon.core.main.ScriptEngine.run(ScriptEngine.java:194)
	at com.kms.katalon.core.main.ScriptEngine.runScriptAsRawText(ScriptEngine.java:119)
	at com.kms.katalon.core.main.TestCaseExecutor.runScript(TestCaseExecutor.java:393)
	at com.kms.katalon.core.main.TestCaseExecutor.doExecute(TestCaseExecutor.java:384)
	at com.kms.katalon.core.main.TestCaseExecutor.processExecutionPhase(TestCaseExecutor.java:363)
	at com.kms.katalon.core.main.TestCaseExecutor.accessMainPhase(TestCaseExecutor.java:355)
	at com.kms.katalon.core.main.TestCaseExecutor.execute(TestCaseExecutor.java:251)
	at com.kms.katalon.core.main.TestSuiteExecutor.accessTestCaseMainPhase(TestSuiteExecutor.java:203)
	at com.kms.katalon.core.main.TestSuiteExecutor.accessTestSuiteMainPhase(TestSuiteExecutor.java:152)
	at com.kms.katalon.core.main.TestSuiteExecutor.execute(TestSuiteExecutor.java:95)
	at com.kms.katalon.core.main.TestCaseMain.startTestSuite(TestCaseMain.java:157)
	at com.kms.katalon.core.main.TestCaseMain$startTestSuite$0.call(Unknown Source)
	at TempTestSuite1615170364678.run(TempTestSuite1615170364678.groovy:39)
"/>
         <system-out><![CDATA[2021-03-08 09:26:09 - [TEST_CASE][ERROR] - Test Cases/Individual Value-B - DD: Test Cases/Individual Value-B - DD FAILED.
Reason:
groovy.lang.MissingMethodException: No signature of method: static com.kms.katalon.core.webui.keyword.WebUiBuiltInKeywords.click() is applicable for argument types: (com.kms.katalon.core.testobject.TestObject, java.lang.String) values: [TestObject - 'Object Repository/Individual Value-B/RadioButton_Question_No_01 - DD', ...]
Possible solutions: click(com.kms.katalon.core.testobject.TestObject), click(com.kms.katalon.core.testobject.TestObject, com.kms.katalon.core.model.FailureHandling), check(com.kms.katalon.core.testobject.TestObject), check(com.kms.katalon.core.testobject.TestObject, com.kms.katalon.core.model.FailureHandling), back(), wait()
	at Individual Value-B - DD.run(Individual Value-B - DD:39)
	at com.kms.katalon.core.main.ScriptEngine.run(ScriptEngine.java:194)
	at com.kms.katalon.core.main.ScriptEngine.runScriptAsRawText(ScriptEngine.java:119)
	at com.kms.katalon.core.main.TestCaseExecutor.runScript(TestCaseExecutor.java:393)
	at com.kms.katalon.core.main.TestCaseExecutor.doExecute(TestCaseExecutor.java:384)
	at com.kms.katalon.core.main.TestCaseExecutor.processExecutionPhase(TestCaseExecutor.java:363)
	at com.kms.katalon.core.main.TestCaseExecutor.accessMainPhase(TestCaseExecutor.java:355)
	at com.kms.katalon.core.main.TestCaseExecutor.execute(TestCaseExecutor.java:251)
	at com.kms.katalon.core.main.TestSuiteExecutor.accessTestCaseMainPhase(TestSuiteExecutor.java:203)
	at com.kms.katalon.core.main.TestSuiteExecutor.accessTestSuiteMainPhase(TestSuiteExecutor.java:152)
	at com.kms.katalon.core.main.TestSuiteExecutor.execute(TestSuiteExecutor.java:95)
	at com.kms.katalon.core.main.TestCaseMain.startTestSuite(TestCaseMain.java:157)
	at com.kms.katalon.core.main.TestCaseMain$startTestSuite$0.call(Unknown Source)
	at TempTestSuite1615170364678.run(TempTestSuite1615170364678.groovy:39)


2021-03-08 09:26:10 - [TEST_STEP][PASSED] - openBrowser(""): Browser is opened with url: ''

2021-03-08 09:26:11 - [MESSAGE][INFO] - Starting 'Chrome' driver

2021-03-08 09:26:11 - [MESSAGE][INFO] - User set preference: ['args', '[--start-maximized]']

2021-03-08 09:26:11 - [MESSAGE][INFO] - Action delay is set to 0 milliseconds

2021-03-08 09:26:13 - [MESSAGE][PASSED] - Browser is opened with url: ''

2021-03-08 09:26:13 - [TEST_STEP][PASSED] - navigateToUrl("https://sister-uat.taf.co.id/pamela/Login.aspx?ReturnUrl=%2fpamela"): Navigate to 'https://sister-uat.taf.co.id/pamela/Login.aspx?ReturnUrl=%2fpamela' successfully

2021-03-08 09:26:17 - [MESSAGE][PASSED] - Navigate to 'https://sister-uat.taf.co.id/pamela/Login.aspx?ReturnUrl=%2fpamela' successfully

2021-03-08 09:26:17 - [TEST_STEP][PASSED] - delay(2): Delayed 2 second(s)

2021-03-08 09:26:19 - [MESSAGE][PASSED] - Delayed 2 second(s)

2021-03-08 09:26:19 - [TEST_STEP][PASSED] - setText(findTestObject("Login/Field_Username"), username): Text 'NOS0464' is set on object 'Object Repository/Login/Field_Username'

2021-03-08 09:26:19 - [MESSAGE][PASSED] - Text 'NOS0464' is set on object 'Object Repository/Login/Field_Username'

2021-03-08 09:26:19 - [TEST_STEP][PASSED] - setText(findTestObject("Login/Field_Password"), password): Text 'TAFWFH' is set on object 'Object Repository/Login/Field_Password'

2021-03-08 09:26:20 - [MESSAGE][PASSED] - Text 'TAFWFH' is set on object 'Object Repository/Login/Field_Password'

2021-03-08 09:26:20 - [TEST_STEP][PASSED] - click(findTestObject("Login/Button_Sign_In")): Object: 'Object Repository/Login/Button_Sign_In' is clicked on

2021-03-08 09:26:20 - [MESSAGE][PASSED] - Object: 'Object Repository/Login/Button_Sign_In' is clicked on

2021-03-08 09:26:20 - [TEST_STEP][PASSED] - delay(2): Delayed 2 second(s)

2021-03-08 09:26:22 - [MESSAGE][PASSED] - Delayed 2 second(s)

2021-03-08 09:26:22 - [TEST_STEP][PASSED] - click(findTestObject("Individual Value-B/Button_Individual_Value_B")): Object: 'Object Repository/Individual Value-B/Button_Individual_Value_B' is clicked on

2021-03-08 09:26:26 - [MESSAGE][PASSED] - Object: 'Object Repository/Individual Value-B/Button_Individual_Value_B' is clicked on

2021-03-08 09:26:26 - [TEST_STEP][PASSED] - delay(2): Delayed 2 second(s)

2021-03-08 09:26:28 - [MESSAGE][PASSED] - Delayed 2 second(s)

2021-03-08 09:26:28 - [TEST_STEP][PASSED] - click(findTestObject("Individual Value-B/RadioButton_Question_No_01 - DD"), q1): null

2021-03-08 09:26:35 - [TEST_STEP][PASSED] - Video: Video recording for test case 'Test Cases/Individual Value-B - DD' .

2021-03-08 09:26:35 - [MESSAGE][INFO] - Video recording for test case 'Test Cases/Individual Value-B - DD' .]]></system-out>
         <system-err><![CDATA[2021-03-08 09:26:09 - [TEST_CASE][ERROR] - Test Cases/Individual Value-B - DD: Test Cases/Individual Value-B - DD FAILED.
Reason:
groovy.lang.MissingMethodException: No signature of method: static com.kms.katalon.core.webui.keyword.WebUiBuiltInKeywords.click() is applicable for argument types: (com.kms.katalon.core.testobject.TestObject, java.lang.String) values: [TestObject - 'Object Repository/Individual Value-B/RadioButton_Question_No_01 - DD', ...]
Possible solutions: click(com.kms.katalon.core.testobject.TestObject), click(com.kms.katalon.core.testobject.TestObject, com.kms.katalon.core.model.FailureHandling), check(com.kms.katalon.core.testobject.TestObject), check(com.kms.katalon.core.testobject.TestObject, com.kms.katalon.core.model.FailureHandling), back(), wait()
	at Individual Value-B - DD.run(Individual Value-B - DD:39)
	at com.kms.katalon.core.main.ScriptEngine.run(ScriptEngine.java:194)
	at com.kms.katalon.core.main.ScriptEngine.runScriptAsRawText(ScriptEngine.java:119)
	at com.kms.katalon.core.main.TestCaseExecutor.runScript(TestCaseExecutor.java:393)
	at com.kms.katalon.core.main.TestCaseExecutor.doExecute(TestCaseExecutor.java:384)
	at com.kms.katalon.core.main.TestCaseExecutor.processExecutionPhase(TestCaseExecutor.java:363)
	at com.kms.katalon.core.main.TestCaseExecutor.accessMainPhase(TestCaseExecutor.java:355)
	at com.kms.katalon.core.main.TestCaseExecutor.execute(TestCaseExecutor.java:251)
	at com.kms.katalon.core.main.TestSuiteExecutor.accessTestCaseMainPhase(TestSuiteExecutor.java:203)
	at com.kms.katalon.core.main.TestSuiteExecutor.accessTestSuiteMainPhase(TestSuiteExecutor.java:152)
	at com.kms.katalon.core.main.TestSuiteExecutor.execute(TestSuiteExecutor.java:95)
	at com.kms.katalon.core.main.TestCaseMain.startTestSuite(TestCaseMain.java:157)
	at com.kms.katalon.core.main.TestCaseMain$startTestSuite$0.call(Unknown Source)
	at TempTestSuite1615170364678.run(TempTestSuite1615170364678.groovy:39)]]></system-err>
      </testcase>
      <system-out><![CDATA[2021-03-08 09:26:07 - [TEST_SUITE][INCOMPLETE] - Survey Individual Value-B: null]]></system-out>
      <system-err><![CDATA[2021-03-08 09:26:07 - [TEST_SUITE][INCOMPLETE] - Survey Individual Value-B: null]]></system-err>
   </testsuite>
</testsuites>
