<?xml version="1.0" encoding="UTF-8"?>
<testsuites name="Survey Individual Value-B" time="4.562" tests="1" failures="0" skips="0" errors="1">
   <testsuite name="Survey Individual Value-B" tests="1" failures="0" errors="1" time="4.562" skips="0" timestamp="2021-03-08 09:48:33" hostname="yusufbausa - DESKTOP-2GEK8P6" id="Test Suites/Survey Individual Value-B">
      <properties>
         <property name="deviceName" value=""/>
         <property name="devicePlatform" value=""/>
         <property name="logFolder" value="C:\\Users\\yubas\\git\\pamela-survey\\Reports\\20210308_094830\\Survey Individual Value-B\\20210308_094830"/>
         <property name="logFiles" value="C:\\Users\\yubas\\git\\pamela-survey\\Reports\\20210308_094830\\Survey Individual Value-B\\20210308_094830\\execution0.log"/>
         <property name="attachments" value=""/>
         <property name="hostName" value="yusufbausa - DESKTOP-2GEK8P6"/>
         <property name="hostAddress" value="192.168.171.228"/>
         <property name="os" value="Windows 10 64bit"/>
         <property name="katalonVersion" value="7.8.0.208"/>
      </properties>
      <testcase name="Test Cases/Individual Value-B - DD" time="2.951" classname="Test Cases/Individual Value-B - DD" status="ERROR">
         <error type="ERROR" message="Test Cases/Individual Value-B - DD FAILED.
Reason:
org.codehaus.groovy.control.MultipleCompilationErrorsException: startup failed:
file:/C:/Users/yubas/git/pamela-survey/Scripts/Individual%20Value-B%20-%20DD/Script1615165922619.groovy: 46: Apparent variable 'ConditionType' was found in a static scope but doesn't refer to a local variable, static field or class. Possible causes:
You attempted to reference a variable in the binding or an instance variable from a static context.
You misspelled a classname or statically imported field. Please check the spelling.
You attempted to use a method 'ConditionType' but left out brackets in a place not allowed by the grammar.
 @ line 46, column 48.
   Object().addProperty('xpath', ConditionT
                                 ^

1 error

	at com.kms.katalon.core.main.ScriptEngine.getScript(ScriptEngine.java:199)
	at com.kms.katalon.core.main.ScriptEngine.run(ScriptEngine.java:194)
	at com.kms.katalon.core.main.ScriptEngine.runScriptAsRawText(ScriptEngine.java:119)
	at com.kms.katalon.core.main.TestCaseExecutor.runScript(TestCaseExecutor.java:393)
	at com.kms.katalon.core.main.TestCaseExecutor.doExecute(TestCaseExecutor.java:384)
	at com.kms.katalon.core.main.TestCaseExecutor.processExecutionPhase(TestCaseExecutor.java:363)
	at com.kms.katalon.core.main.TestCaseExecutor.accessMainPhase(TestCaseExecutor.java:355)
	at com.kms.katalon.core.main.TestCaseExecutor.execute(TestCaseExecutor.java:251)
	at com.kms.katalon.core.main.TestSuiteExecutor.accessTestCaseMainPhase(TestSuiteExecutor.java:203)
	at com.kms.katalon.core.main.TestSuiteExecutor.accessTestSuiteMainPhase(TestSuiteExecutor.java:152)
	at com.kms.katalon.core.main.TestSuiteExecutor.execute(TestSuiteExecutor.java:95)
	at com.kms.katalon.core.main.TestCaseMain.startTestSuite(TestCaseMain.java:157)
	at com.kms.katalon.core.main.TestCaseMain$startTestSuite$0.call(Unknown Source)
	at TempTestSuite1615171710200.run(TempTestSuite1615171710200.groovy:39)
"/>
         <system-out><![CDATA[2021-03-08 09:48:34 - [TEST_CASE][ERROR] - Test Cases/Individual Value-B - DD: Test Cases/Individual Value-B - DD FAILED.
Reason:
org.codehaus.groovy.control.MultipleCompilationErrorsException: startup failed:
file:/C:/Users/yubas/git/pamela-survey/Scripts/Individual%20Value-B%20-%20DD/Script1615165922619.groovy: 46: Apparent variable 'ConditionType' was found in a static scope but doesn't refer to a local variable, static field or class. Possible causes:
You attempted to reference a variable in the binding or an instance variable from a static context.
You misspelled a classname or statically imported field. Please check the spelling.
You attempted to use a method 'ConditionType' but left out brackets in a place not allowed by the grammar.
 @ line 46, column 48.
   Object().addProperty('xpath', ConditionT
                                 ^

1 error

	at com.kms.katalon.core.main.ScriptEngine.getScript(ScriptEngine.java:199)
	at com.kms.katalon.core.main.ScriptEngine.run(ScriptEngine.java:194)
	at com.kms.katalon.core.main.ScriptEngine.runScriptAsRawText(ScriptEngine.java:119)
	at com.kms.katalon.core.main.TestCaseExecutor.runScript(TestCaseExecutor.java:393)
	at com.kms.katalon.core.main.TestCaseExecutor.doExecute(TestCaseExecutor.java:384)
	at com.kms.katalon.core.main.TestCaseExecutor.processExecutionPhase(TestCaseExecutor.java:363)
	at com.kms.katalon.core.main.TestCaseExecutor.accessMainPhase(TestCaseExecutor.java:355)
	at com.kms.katalon.core.main.TestCaseExecutor.execute(TestCaseExecutor.java:251)
	at com.kms.katalon.core.main.TestSuiteExecutor.accessTestCaseMainPhase(TestSuiteExecutor.java:203)
	at com.kms.katalon.core.main.TestSuiteExecutor.accessTestSuiteMainPhase(TestSuiteExecutor.java:152)
	at com.kms.katalon.core.main.TestSuiteExecutor.execute(TestSuiteExecutor.java:95)
	at com.kms.katalon.core.main.TestCaseMain.startTestSuite(TestCaseMain.java:157)
	at com.kms.katalon.core.main.TestCaseMain$startTestSuite$0.call(Unknown Source)
	at TempTestSuite1615171710200.run(TempTestSuite1615171710200.groovy:39)


2021-03-08 09:48:37 - [TEST_STEP][PASSED] - Video: Video recording for test case 'Test Cases/Individual Value-B - DD' .

2021-03-08 09:48:37 - [MESSAGE][INFO] - Video recording for test case 'Test Cases/Individual Value-B - DD' .]]></system-out>
         <system-err><![CDATA[2021-03-08 09:48:34 - [TEST_CASE][ERROR] - Test Cases/Individual Value-B - DD: Test Cases/Individual Value-B - DD FAILED.
Reason:
org.codehaus.groovy.control.MultipleCompilationErrorsException: startup failed:
file:/C:/Users/yubas/git/pamela-survey/Scripts/Individual%20Value-B%20-%20DD/Script1615165922619.groovy: 46: Apparent variable 'ConditionType' was found in a static scope but doesn't refer to a local variable, static field or class. Possible causes:
You attempted to reference a variable in the binding or an instance variable from a static context.
You misspelled a classname or statically imported field. Please check the spelling.
You attempted to use a method 'ConditionType' but left out brackets in a place not allowed by the grammar.
 @ line 46, column 48.
   Object().addProperty('xpath', ConditionT
                                 ^

1 error

	at com.kms.katalon.core.main.ScriptEngine.getScript(ScriptEngine.java:199)
	at com.kms.katalon.core.main.ScriptEngine.run(ScriptEngine.java:194)
	at com.kms.katalon.core.main.ScriptEngine.runScriptAsRawText(ScriptEngine.java:119)
	at com.kms.katalon.core.main.TestCaseExecutor.runScript(TestCaseExecutor.java:393)
	at com.kms.katalon.core.main.TestCaseExecutor.doExecute(TestCaseExecutor.java:384)
	at com.kms.katalon.core.main.TestCaseExecutor.processExecutionPhase(TestCaseExecutor.java:363)
	at com.kms.katalon.core.main.TestCaseExecutor.accessMainPhase(TestCaseExecutor.java:355)
	at com.kms.katalon.core.main.TestCaseExecutor.execute(TestCaseExecutor.java:251)
	at com.kms.katalon.core.main.TestSuiteExecutor.accessTestCaseMainPhase(TestSuiteExecutor.java:203)
	at com.kms.katalon.core.main.TestSuiteExecutor.accessTestSuiteMainPhase(TestSuiteExecutor.java:152)
	at com.kms.katalon.core.main.TestSuiteExecutor.execute(TestSuiteExecutor.java:95)
	at com.kms.katalon.core.main.TestCaseMain.startTestSuite(TestCaseMain.java:157)
	at com.kms.katalon.core.main.TestCaseMain$startTestSuite$0.call(Unknown Source)
	at TempTestSuite1615171710200.run(TempTestSuite1615171710200.groovy:39)]]></system-err>
      </testcase>
      <system-out><![CDATA[2021-03-08 09:48:33 - [TEST_SUITE][INCOMPLETE] - Survey Individual Value-B: null]]></system-out>
      <system-err><![CDATA[2021-03-08 09:48:33 - [TEST_SUITE][INCOMPLETE] - Survey Individual Value-B: null]]></system-err>
   </testsuite>
</testsuites>
