<?xml version="1.0" encoding="UTF-8"?>
<testsuites name="Survey Individual Value-B" time="104.503" tests="1" failures="1" skips="0" errors="0">
   <testsuite name="Survey Individual Value-B" tests="1" failures="1" errors="0" time="104.503" skips="0" timestamp="2021-03-10 11:21:02" hostname="yusufbausa - DESKTOP-2GEK8P6" id="Test Suites/Survey Individual Value-B">
      <properties>
         <property name="deviceName" value=""/>
         <property name="devicePlatform" value=""/>
         <property name="logFolder" value="C:\\Users\\yubas\\git\\pamela-survey\\Reports\\20210310_112052\\Survey Individual Value-B\\20210310_112052"/>
         <property name="logFiles" value="C:\\Users\\yubas\\git\\pamela-survey\\Reports\\20210310_112052\\Survey Individual Value-B\\20210310_112052\\execution0.log"/>
         <property name="attachments" value="C:\\Users\\yubas\\git\\pamela-survey\\Reports\\20210310_112052\\Survey Individual Value-B\\20210310_112052\\1615350115763.png, C:\\Users\\yubas\\git\\pamela-survey\\Reports\\20210310_112052\\Survey Individual Value-B\\20210310_112052\\1615350127003.png, C:\\Users\\yubas\\git\\pamela-survey\\Reports\\20210310_112052\\Survey Individual Value-B\\20210310_112052\\1615350160403.png"/>
         <property name="hostName" value="yusufbausa - DESKTOP-2GEK8P6"/>
         <property name="os" value="Windows 10 64bit"/>
         <property name="katalonVersion" value="7.8.0.208"/>
         <property name="browser" value="Chrome 89.0.4389.82"/>
         <property name="hostAddress" value="192.168.171.228"/>
         <property name="sessionId" value="3078524030d0ce037b841a9bbd8b9776"/>
         <property name="seleniumVersion" value="3.141.59"/>
         <property name="proxyInformation" value="ProxyInformation { proxyOption=NO_PROXY, proxyServerType=HTTP, username=, password=********, proxyServerAddress=, proxyServerPort=0, executionList=&quot;&quot;, isApplyToDesiredCapabilities=true }"/>
         <property name="platform" value="Windows 10"/>
      </properties>
      <testcase name="Test Cases/Individual Value-B - DD" time="102.952" classname="Test Cases/Individual Value-B - DD" status="FAILED">
         <failure type="FAILED" message="Test Cases/Individual Value-B - DD FAILED.
Reason:
com.kms.katalon.core.exception.StepFailedException: Unable to click on object 'Object Repository/Individual Value-B/RadioButton_Question_No_04 - DD' (Root cause: com.kms.katalon.core.exception.StepFailedException: Unable to click on object 'Object Repository/Individual Value-B/RadioButton_Question_No_04 - DD'
	at com.kms.katalon.core.webui.keyword.internal.WebUIKeywordMain.stepFailed(WebUIKeywordMain.groovy:64)
	at com.kms.katalon.core.webui.keyword.internal.WebUIKeywordMain.runKeyword(WebUIKeywordMain.groovy:26)
	at com.kms.katalon.core.webui.keyword.builtin.ClickKeyword.click(ClickKeyword.groovy:76)
	at com.kms.katalon.core.webui.keyword.builtin.ClickKeyword.execute(ClickKeyword.groovy:43)
	at com.kms.katalon.core.keyword.internal.KeywordExecutor.executeKeywordForPlatform(KeywordExecutor.groovy:73)
	at com.kms.katalon.core.webui.keyword.WebUiBuiltInKeywords.click(WebUiBuiltInKeywords.groovy:617)
	at com.kms.katalon.core.webui.keyword.WebUiBuiltInKeywords$click$2.call(Unknown Source)
	at Individual Value-B - DD.run(Individual Value-B - DD:40)
	at com.kms.katalon.core.main.ScriptEngine.run(ScriptEngine.java:194)
	at com.kms.katalon.core.main.ScriptEngine.runScriptAsRawText(ScriptEngine.java:119)
	at com.kms.katalon.core.main.TestCaseExecutor.runScript(TestCaseExecutor.java:393)
	at com.kms.katalon.core.main.TestCaseExecutor.doExecute(TestCaseExecutor.java:384)
	at com.kms.katalon.core.main.TestCaseExecutor.processExecutionPhase(TestCaseExecutor.java:363)
	at com.kms.katalon.core.main.TestCaseExecutor.accessMainPhase(TestCaseExecutor.java:355)
	at com.kms.katalon.core.main.TestCaseExecutor.execute(TestCaseExecutor.java:251)
	at com.kms.katalon.core.main.TestSuiteExecutor.accessTestCaseMainPhase(TestSuiteExecutor.java:203)
	at com.kms.katalon.core.main.TestSuiteExecutor.accessTestSuiteMainPhase(TestSuiteExecutor.java:152)
	at com.kms.katalon.core.main.TestSuiteExecutor.execute(TestSuiteExecutor.java:95)
	at com.kms.katalon.core.main.TestCaseMain.startTestSuite(TestCaseMain.java:157)
	at com.kms.katalon.core.main.TestCaseMain$startTestSuite$0.call(Unknown Source)
	at TempTestSuite1615350052361.run(TempTestSuite1615350052361.groovy:39)
Caused by: com.kms.katalon.core.webui.exception.WebElementNotFoundException: Web element with id: 'Object Repository/Individual Value-B/RadioButton_Question_No_04 - DD' located by '/html/body/section[2]/div/div/div/form/div[3]/div/div/div/div[3]/div[4]/table/tbody/tr/td[?]/input' not found
	at com.kms.katalon.core.webui.common.WebUiCommonHelper.findWebElement(WebUiCommonHelper.java:1369)
	at com.kms.katalon.core.webui.keyword.internal.WebUIAbstractKeyword.findWebElement(WebUIAbstractKeyword.groovy:27)
	at com.kms.katalon.core.webui.keyword.internal.WebUIAbstractKeyword.findWebElement(WebUIAbstractKeyword.groovy:26)
	at com.kms.katalon.core.webui.keyword.builtin.ClickKeyword$_click_closure1.doCall(ClickKeyword.groovy:67)
	at com.kms.katalon.core.webui.keyword.builtin.ClickKeyword$_click_closure1.call(ClickKeyword.groovy)
	at com.kms.katalon.core.webui.keyword.internal.WebUIKeywordMain.runKeyword(WebUIKeywordMain.groovy:20)
	at com.kms.katalon.core.webui.keyword.builtin.ClickKeyword.click(ClickKeyword.groovy:76)
	at com.kms.katalon.core.webui.keyword.builtin.ClickKeyword.execute(ClickKeyword.groovy:43)
	at com.kms.katalon.core.keyword.internal.KeywordExecutor.executeKeywordForPlatform(KeywordExecutor.groovy:73)
	at com.kms.katalon.core.webui.keyword.WebUiBuiltInKeywords.click(WebUiBuiltInKeywords.groovy:617)
	at com.kms.katalon.core.webui.keyword.WebUiBuiltInKeywords$click$2.call(Unknown Source)
	at Script1615165922619.run(Script1615165922619.groovy:40)
	... 13 more
)
	at com.kms.katalon.core.keyword.internal.KeywordMain.stepFailed(KeywordMain.groovy:39)
	at com.kms.katalon.core.webui.keyword.internal.WebUIKeywordMain.stepFailed(WebUIKeywordMain.groovy:64)
	at com.kms.katalon.core.webui.keyword.internal.WebUIKeywordMain.runKeyword(WebUIKeywordMain.groovy:26)
	at com.kms.katalon.core.webui.keyword.builtin.ClickKeyword.click(ClickKeyword.groovy:76)
	at com.kms.katalon.core.webui.keyword.builtin.ClickKeyword.execute(ClickKeyword.groovy:43)
	at com.kms.katalon.core.keyword.internal.KeywordExecutor.executeKeywordForPlatform(KeywordExecutor.groovy:73)
	at com.kms.katalon.core.webui.keyword.WebUiBuiltInKeywords.click(WebUiBuiltInKeywords.groovy:617)
	at com.kms.katalon.core.webui.keyword.WebUiBuiltInKeywords$click$2.call(Unknown Source)
	at Individual Value-B - DD.run(Individual Value-B - DD:40)
	at com.kms.katalon.core.main.ScriptEngine.run(ScriptEngine.java:194)
	at com.kms.katalon.core.main.ScriptEngine.runScriptAsRawText(ScriptEngine.java:119)
	at com.kms.katalon.core.main.TestCaseExecutor.runScript(TestCaseExecutor.java:393)
	at com.kms.katalon.core.main.TestCaseExecutor.doExecute(TestCaseExecutor.java:384)
	at com.kms.katalon.core.main.TestCaseExecutor.processExecutionPhase(TestCaseExecutor.java:363)
	at com.kms.katalon.core.main.TestCaseExecutor.accessMainPhase(TestCaseExecutor.java:355)
	at com.kms.katalon.core.main.TestCaseExecutor.execute(TestCaseExecutor.java:251)
	at com.kms.katalon.core.main.TestSuiteExecutor.accessTestCaseMainPhase(TestSuiteExecutor.java:203)
	at com.kms.katalon.core.main.TestSuiteExecutor.accessTestSuiteMainPhase(TestSuiteExecutor.java:152)
	at com.kms.katalon.core.main.TestSuiteExecutor.execute(TestSuiteExecutor.java:95)
	at com.kms.katalon.core.main.TestCaseMain.startTestSuite(TestCaseMain.java:157)
	at com.kms.katalon.core.main.TestCaseMain$startTestSuite$0.call(Unknown Source)
	at TempTestSuite1615350052361.run(TempTestSuite1615350052361.groovy:39)
Caused by: com.kms.katalon.core.exception.StepFailedException: Unable to click on object 'Object Repository/Individual Value-B/RadioButton_Question_No_04 - DD'
	... 21 more
Caused by: com.kms.katalon.core.webui.exception.WebElementNotFoundException: Web element with id: 'Object Repository/Individual Value-B/RadioButton_Question_No_04 - DD' located by '/html/body/section[2]/div/div/div/form/div[3]/div/div/div/div[3]/div[4]/table/tbody/tr/td[?]/input' not found
	at com.kms.katalon.core.webui.common.WebUiCommonHelper.findWebElement(WebUiCommonHelper.java:1369)
	at com.kms.katalon.core.webui.keyword.internal.WebUIAbstractKeyword.findWebElement(WebUIAbstractKeyword.groovy:27)
	at com.kms.katalon.core.webui.keyword.internal.WebUIAbstractKeyword.findWebElement(WebUIAbstractKeyword.groovy:26)
	at com.kms.katalon.core.webui.keyword.builtin.ClickKeyword$_click_closure1.doCall(ClickKeyword.groovy:67)
	at com.kms.katalon.core.webui.keyword.builtin.ClickKeyword$_click_closure1.call(ClickKeyword.groovy)
	at com.kms.katalon.core.webui.keyword.internal.WebUIKeywordMain.runKeyword(WebUIKeywordMain.groovy:20)
	... 19 more
"/>
         <system-out><![CDATA[2021-03-10 11:21:03 - [TEST_CASE][FAILED] - Test Cases/Individual Value-B - DD: Test Cases/Individual Value-B - DD FAILED.
Reason:
com.kms.katalon.core.exception.StepFailedException: Unable to click on object 'Object Repository/Individual Value-B/RadioButton_Question_No_04 - DD' (Root cause: com.kms.katalon.core.exception.StepFailedException: Unable to click on object 'Object Repository/Individual Value-B/RadioButton_Question_No_04 - DD'
	at com.kms.katalon.core.webui.keyword.internal.WebUIKeywordMain.stepFailed(WebUIKeywordMain.groovy:64)
	at com.kms.katalon.core.webui.keyword.internal.WebUIKeywordMain.runKeyword(WebUIKeywordMain.groovy:26)
	at com.kms.katalon.core.webui.keyword.builtin.ClickKeyword.click(ClickKeyword.groovy:76)
	at com.kms.katalon.core.webui.keyword.builtin.ClickKeyword.execute(ClickKeyword.groovy:43)
	at com.kms.katalon.core.keyword.internal.KeywordExecutor.executeKeywordForPlatform(KeywordExecutor.groovy:73)
	at com.kms.katalon.core.webui.keyword.WebUiBuiltInKeywords.click(WebUiBuiltInKeywords.groovy:617)
	at com.kms.katalon.core.webui.keyword.WebUiBuiltInKeywords$click$2.call(Unknown Source)
	at Individual Value-B - DD.run(Individual Value-B - DD:40)
	at com.kms.katalon.core.main.ScriptEngine.run(ScriptEngine.java:194)
	at com.kms.katalon.core.main.ScriptEngine.runScriptAsRawText(ScriptEngine.java:119)
	at com.kms.katalon.core.main.TestCaseExecutor.runScript(TestCaseExecutor.java:393)
	at com.kms.katalon.core.main.TestCaseExecutor.doExecute(TestCaseExecutor.java:384)
	at com.kms.katalon.core.main.TestCaseExecutor.processExecutionPhase(TestCaseExecutor.java:363)
	at com.kms.katalon.core.main.TestCaseExecutor.accessMainPhase(TestCaseExecutor.java:355)
	at com.kms.katalon.core.main.TestCaseExecutor.execute(TestCaseExecutor.java:251)
	at com.kms.katalon.core.main.TestSuiteExecutor.accessTestCaseMainPhase(TestSuiteExecutor.java:203)
	at com.kms.katalon.core.main.TestSuiteExecutor.accessTestSuiteMainPhase(TestSuiteExecutor.java:152)
	at com.kms.katalon.core.main.TestSuiteExecutor.execute(TestSuiteExecutor.java:95)
	at com.kms.katalon.core.main.TestCaseMain.startTestSuite(TestCaseMain.java:157)
	at com.kms.katalon.core.main.TestCaseMain$startTestSuite$0.call(Unknown Source)
	at TempTestSuite1615350052361.run(TempTestSuite1615350052361.groovy:39)
Caused by: com.kms.katalon.core.webui.exception.WebElementNotFoundException: Web element with id: 'Object Repository/Individual Value-B/RadioButton_Question_No_04 - DD' located by '/html/body/section[2]/div/div/div/form/div[3]/div/div/div/div[3]/div[4]/table/tbody/tr/td[?]/input' not found
	at com.kms.katalon.core.webui.common.WebUiCommonHelper.findWebElement(WebUiCommonHelper.java:1369)
	at com.kms.katalon.core.webui.keyword.internal.WebUIAbstractKeyword.findWebElement(WebUIAbstractKeyword.groovy:27)
	at com.kms.katalon.core.webui.keyword.internal.WebUIAbstractKeyword.findWebElement(WebUIAbstractKeyword.groovy:26)
	at com.kms.katalon.core.webui.keyword.builtin.ClickKeyword$_click_closure1.doCall(ClickKeyword.groovy:67)
	at com.kms.katalon.core.webui.keyword.builtin.ClickKeyword$_click_closure1.call(ClickKeyword.groovy)
	at com.kms.katalon.core.webui.keyword.internal.WebUIKeywordMain.runKeyword(WebUIKeywordMain.groovy:20)
	at com.kms.katalon.core.webui.keyword.builtin.ClickKeyword.click(ClickKeyword.groovy:76)
	at com.kms.katalon.core.webui.keyword.builtin.ClickKeyword.execute(ClickKeyword.groovy:43)
	at com.kms.katalon.core.keyword.internal.KeywordExecutor.executeKeywordForPlatform(KeywordExecutor.groovy:73)
	at com.kms.katalon.core.webui.keyword.WebUiBuiltInKeywords.click(WebUiBuiltInKeywords.groovy:617)
	at com.kms.katalon.core.webui.keyword.WebUiBuiltInKeywords$click$2.call(Unknown Source)
	at Script1615165922619.run(Script1615165922619.groovy:40)
	... 13 more
)
	at com.kms.katalon.core.keyword.internal.KeywordMain.stepFailed(KeywordMain.groovy:39)
	at com.kms.katalon.core.webui.keyword.internal.WebUIKeywordMain.stepFailed(WebUIKeywordMain.groovy:64)
	at com.kms.katalon.core.webui.keyword.internal.WebUIKeywordMain.runKeyword(WebUIKeywordMain.groovy:26)
	at com.kms.katalon.core.webui.keyword.builtin.ClickKeyword.click(ClickKeyword.groovy:76)
	at com.kms.katalon.core.webui.keyword.builtin.ClickKeyword.execute(ClickKeyword.groovy:43)
	at com.kms.katalon.core.keyword.internal.KeywordExecutor.executeKeywordForPlatform(KeywordExecutor.groovy:73)
	at com.kms.katalon.core.webui.keyword.WebUiBuiltInKeywords.click(WebUiBuiltInKeywords.groovy:617)
	at com.kms.katalon.core.webui.keyword.WebUiBuiltInKeywords$click$2.call(Unknown Source)
	at Individual Value-B - DD.run(Individual Value-B - DD:40)
	at com.kms.katalon.core.main.ScriptEngine.run(ScriptEngine.java:194)
	at com.kms.katalon.core.main.ScriptEngine.runScriptAsRawText(ScriptEngine.java:119)
	at com.kms.katalon.core.main.TestCaseExecutor.runScript(TestCaseExecutor.java:393)
	at com.kms.katalon.core.main.TestCaseExecutor.doExecute(TestCaseExecutor.java:384)
	at com.kms.katalon.core.main.TestCaseExecutor.processExecutionPhase(TestCaseExecutor.java:363)
	at com.kms.katalon.core.main.TestCaseExecutor.accessMainPhase(TestCaseExecutor.java:355)
	at com.kms.katalon.core.main.TestCaseExecutor.execute(TestCaseExecutor.java:251)
	at com.kms.katalon.core.main.TestSuiteExecutor.accessTestCaseMainPhase(TestSuiteExecutor.java:203)
	at com.kms.katalon.core.main.TestSuiteExecutor.accessTestSuiteMainPhase(TestSuiteExecutor.java:152)
	at com.kms.katalon.core.main.TestSuiteExecutor.execute(TestSuiteExecutor.java:95)
	at com.kms.katalon.core.main.TestCaseMain.startTestSuite(TestCaseMain.java:157)
	at com.kms.katalon.core.main.TestCaseMain$startTestSuite$0.call(Unknown Source)
	at TempTestSuite1615350052361.run(TempTestSuite1615350052361.groovy:39)
Caused by: com.kms.katalon.core.exception.StepFailedException: Unable to click on object 'Object Repository/Individual Value-B/RadioButton_Question_No_04 - DD'
	... 21 more
Caused by: com.kms.katalon.core.webui.exception.WebElementNotFoundException: Web element with id: 'Object Repository/Individual Value-B/RadioButton_Question_No_04 - DD' located by '/html/body/section[2]/div/div/div/form/div[3]/div/div/div/div[3]/div[4]/table/tbody/tr/td[?]/input' not found
	at com.kms.katalon.core.webui.common.WebUiCommonHelper.findWebElement(WebUiCommonHelper.java:1369)
	at com.kms.katalon.core.webui.keyword.internal.WebUIAbstractKeyword.findWebElement(WebUIAbstractKeyword.groovy:27)
	at com.kms.katalon.core.webui.keyword.internal.WebUIAbstractKeyword.findWebElement(WebUIAbstractKeyword.groovy:26)
	at com.kms.katalon.core.webui.keyword.builtin.ClickKeyword$_click_closure1.doCall(ClickKeyword.groovy:67)
	at com.kms.katalon.core.webui.keyword.builtin.ClickKeyword$_click_closure1.call(ClickKeyword.groovy)
	at com.kms.katalon.core.webui.keyword.internal.WebUIKeywordMain.runKeyword(WebUIKeywordMain.groovy:20)
	... 19 more


2021-03-10 11:21:04 - [TEST_STEP][PASSED] - openBrowser(""): Browser is opened with url: ''

2021-03-10 11:21:05 - [MESSAGE][INFO] - Starting 'Chrome' driver

2021-03-10 11:21:05 - [MESSAGE][INFO] - User set preference: ['args', '[--start-maximized]']

2021-03-10 11:21:05 - [MESSAGE][INFO] - Action delay is set to 0 milliseconds

2021-03-10 11:21:07 - [MESSAGE][PASSED] - Browser is opened with url: ''

2021-03-10 11:21:07 - [TEST_STEP][PASSED] - navigateToUrl("https://sister-uat.taf.co.id/pamela/Login.aspx?ReturnUrl=%2fpamela"): Navigate to 'https://sister-uat.taf.co.id/pamela/Login.aspx?ReturnUrl=%2fpamela' successfully

2021-03-10 11:21:12 - [MESSAGE][PASSED] - Navigate to 'https://sister-uat.taf.co.id/pamela/Login.aspx?ReturnUrl=%2fpamela' successfully

2021-03-10 11:21:12 - [TEST_STEP][PASSED] - delay(2): Delayed 2 second(s)

2021-03-10 11:21:14 - [MESSAGE][PASSED] - Delayed 2 second(s)

2021-03-10 11:21:14 - [TEST_STEP][PASSED] - setText(findTestObject("Login/Field_Username"), username): Text 'RIC1747' is set on object 'Object Repository/Login/Field_Username'

2021-03-10 11:21:14 - [MESSAGE][PASSED] - Text 'RIC1747' is set on object 'Object Repository/Login/Field_Username'

2021-03-10 11:21:14 - [TEST_STEP][PASSED] - setText(findTestObject("Login/Field_Password"), password): Text 'TAFWFH' is set on object 'Object Repository/Login/Field_Password'

2021-03-10 11:21:15 - [MESSAGE][PASSED] - Text 'TAFWFH' is set on object 'Object Repository/Login/Field_Password'

2021-03-10 11:21:15 - [TEST_STEP][PASSED] - click(findTestObject("Login/Button_Sign_In")): Object: 'Object Repository/Login/Button_Sign_In' is clicked on

2021-03-10 11:21:15 - [MESSAGE][PASSED] - Object: 'Object Repository/Login/Button_Sign_In' is clicked on

2021-03-10 11:21:15 - [TEST_STEP][PASSED] - delay(2): Delayed 2 second(s)

2021-03-10 11:21:17 - [MESSAGE][PASSED] - Delayed 2 second(s)

2021-03-10 11:21:17 - [TEST_STEP][PASSED] - click(findTestObject("Individual Value-B/Button_Individual_Value_B")): Object: 'Object Repository/Individual Value-B/Button_Individual_Value_B' is clicked on

2021-03-10 11:21:21 - [MESSAGE][PASSED] - Object: 'Object Repository/Individual Value-B/Button_Individual_Value_B' is clicked on

2021-03-10 11:21:21 - [TEST_STEP][PASSED] - delay(2): Delayed 2 second(s)

2021-03-10 11:21:23 - [MESSAGE][PASSED] - Delayed 2 second(s)

2021-03-10 11:21:23 - [TEST_STEP][PASSED] - click(findTestObject("Individual Value-B/RadioButton_Question_No_01 - DD", ["username":"", "q1":""])): Object: 'Object Repository/Individual Value-B/RadioButton_Question_No_01 - DD' is clicked on

2021-03-10 11:21:24 - [MESSAGE][PASSED] - Object: 'Object Repository/Individual Value-B/RadioButton_Question_No_01 - DD' is clicked on

2021-03-10 11:21:24 - [TEST_STEP][PASSED] - click(findTestObject("Individual Value-B/RadioButton_Question_No_02 - DD")): Object: 'Object Repository/Individual Value-B/RadioButton_Question_No_02 - DD' is clicked on

2021-03-10 11:21:24 - [MESSAGE][PASSED] - Object: 'Object Repository/Individual Value-B/RadioButton_Question_No_02 - DD' is clicked on

2021-03-10 11:21:24 - [TEST_STEP][PASSED] - scrollToElement(findTestObject("Leadership/Button_Next"), 3): Scroll to object 'Object Repository/Leadership/Button_Next' successfully

2021-03-10 11:21:24 - [MESSAGE][PASSED] - Scroll to object 'Object Repository/Leadership/Button_Next' successfully

2021-03-10 11:21:24 - [TEST_STEP][PASSED] - click(findTestObject("Individual Value-B/RadioButton_Question_No_03 - DD")): Object: 'Object Repository/Individual Value-B/RadioButton_Question_No_03 - DD' is clicked on

2021-03-10 11:21:24 - [MESSAGE][PASSED] - Object: 'Object Repository/Individual Value-B/RadioButton_Question_No_03 - DD' is clicked on

2021-03-10 11:21:24 - [TEST_STEP][FAILED] - click(findTestObject("Individual Value-B/RadioButton_Question_No_04 - DD")): Unable to click on object 'Object Repository/Individual Value-B/RadioButton_Question_No_04 - DD' (Root cause: com.kms.katalon.core.exception.StepFailedException: Unable to click on object 'Object Repository/Individual Value-B/RadioButton_Question_No_04 - DD'
	at com.kms.katalon.core.webui.keyword.internal.WebUIKeywordMain.stepFailed(WebUIKeywordMain.groovy:64)
	at com.kms.katalon.core.webui.keyword.internal.WebUIKeywordMain.runKeyword(WebUIKeywordMain.groovy:26)
	at com.kms.katalon.core.webui.keyword.builtin.ClickKeyword.click(ClickKeyword.groovy:76)
	at com.kms.katalon.core.webui.keyword.builtin.ClickKeyword.execute(ClickKeyword.groovy:43)
	at com.kms.katalon.core.keyword.internal.KeywordExecutor.executeKeywordForPlatform(KeywordExecutor.groovy:73)
	at com.kms.katalon.core.webui.keyword.WebUiBuiltInKeywords.click(WebUiBuiltInKeywords.groovy:617)
	at com.kms.katalon.core.webui.keyword.WebUiBuiltInKeywords$click$2.call(Unknown Source)
	at Individual Value-B - DD.run(Individual Value-B - DD:40)
	at com.kms.katalon.core.main.ScriptEngine.run(ScriptEngine.java:194)
	at com.kms.katalon.core.main.ScriptEngine.runScriptAsRawText(ScriptEngine.java:119)
	at com.kms.katalon.core.main.TestCaseExecutor.runScript(TestCaseExecutor.java:393)
	at com.kms.katalon.core.main.TestCaseExecutor.doExecute(TestCaseExecutor.java:384)
	at com.kms.katalon.core.main.TestCaseExecutor.processExecutionPhase(TestCaseExecutor.java:363)
	at com.kms.katalon.core.main.TestCaseExecutor.accessMainPhase(TestCaseExecutor.java:355)
	at com.kms.katalon.core.main.TestCaseExecutor.execute(TestCaseExecutor.java:251)
	at com.kms.katalon.core.main.TestSuiteExecutor.accessTestCaseMainPhase(TestSuiteExecutor.java:203)
	at com.kms.katalon.core.main.TestSuiteExecutor.accessTestSuiteMainPhase(TestSuiteExecutor.java:152)
	at com.kms.katalon.core.main.TestSuiteExecutor.execute(TestSuiteExecutor.java:95)
	at com.kms.katalon.core.main.TestCaseMain.startTestSuite(TestCaseMain.java:157)
	at com.kms.katalon.core.main.TestCaseMain$startTestSuite$0.call(Unknown Source)
	at TempTestSuite1615350052361.run(TempTestSuite1615350052361.groovy:39)
Caused by: com.kms.katalon.core.webui.exception.WebElementNotFoundException: Web element with id: 'Object Repository/Individual Value-B/RadioButton_Question_No_04 - DD' located by '/html/body/section[2]/div/div/div/form/div[3]/div/div/div/div[3]/div[4]/table/tbody/tr/td[?]/input' not found
	at com.kms.katalon.core.webui.common.WebUiCommonHelper.findWebElement(WebUiCommonHelper.java:1369)
	at com.kms.katalon.core.webui.keyword.internal.WebUIAbstractKeyword.findWebElement(WebUIAbstractKeyword.groovy:27)
	at com.kms.katalon.core.webui.keyword.internal.WebUIAbstractKeyword.findWebElement(WebUIAbstractKeyword.groovy:26)
	at com.kms.katalon.core.webui.keyword.builtin.ClickKeyword$_click_closure1.doCall(ClickKeyword.groovy:67)
	at com.kms.katalon.core.webui.keyword.builtin.ClickKeyword$_click_closure1.call(ClickKeyword.groovy)
	at com.kms.katalon.core.webui.keyword.internal.WebUIKeywordMain.runKeyword(WebUIKeywordMain.groovy:20)
	at com.kms.katalon.core.webui.keyword.builtin.ClickKeyword.click(ClickKeyword.groovy:76)
	at com.kms.katalon.core.webui.keyword.builtin.ClickKeyword.execute(ClickKeyword.groovy:43)
	at com.kms.katalon.core.keyword.internal.KeywordExecutor.executeKeywordForPlatform(KeywordExecutor.groovy:73)
	at com.kms.katalon.core.webui.keyword.WebUiBuiltInKeywords.click(WebUiBuiltInKeywords.groovy:617)
	at com.kms.katalon.core.webui.keyword.WebUiBuiltInKeywords$click$2.call(Unknown Source)
	at Script1615165922619.run(Script1615165922619.groovy:40)
	... 13 more
)

2021-03-10 11:21:55 - [MESSAGE][INFO] - Unable to find the element located by 'By.xpath: /html/body/section[2]/div/div/div/form/div[3]/div/div/div/div[3]/div[4]/table/tbody/tr/td[?]/input'. Please recheck the objects properties to make sure the desired element is located. 

2021-03-10 11:21:56 - [MESSAGE][FAILED] - Unable to click on object 'Object Repository/Individual Value-B/RadioButton_Question_No_04 - DD' (Root cause: com.kms.katalon.core.exception.StepFailedException: Unable to click on object 'Object Repository/Individual Value-B/RadioButton_Question_No_04 - DD'
	at com.kms.katalon.core.webui.keyword.internal.WebUIKeywordMain.stepFailed(WebUIKeywordMain.groovy:64)
	at com.kms.katalon.core.webui.keyword.internal.WebUIKeywordMain.runKeyword(WebUIKeywordMain.groovy:26)
	at com.kms.katalon.core.webui.keyword.builtin.ClickKeyword.click(ClickKeyword.groovy:76)
	at com.kms.katalon.core.webui.keyword.builtin.ClickKeyword.execute(ClickKeyword.groovy:43)
	at com.kms.katalon.core.keyword.internal.KeywordExecutor.executeKeywordForPlatform(KeywordExecutor.groovy:73)
	at com.kms.katalon.core.webui.keyword.WebUiBuiltInKeywords.click(WebUiBuiltInKeywords.groovy:617)
	at com.kms.katalon.core.webui.keyword.WebUiBuiltInKeywords$click$2.call(Unknown Source)
	at Individual Value-B - DD.run(Individual Value-B - DD:40)
	at com.kms.katalon.core.main.ScriptEngine.run(ScriptEngine.java:194)
	at com.kms.katalon.core.main.ScriptEngine.runScriptAsRawText(ScriptEngine.java:119)
	at com.kms.katalon.core.main.TestCaseExecutor.runScript(TestCaseExecutor.java:393)
	at com.kms.katalon.core.main.TestCaseExecutor.doExecute(TestCaseExecutor.java:384)
	at com.kms.katalon.core.main.TestCaseExecutor.processExecutionPhase(TestCaseExecutor.java:363)
	at com.kms.katalon.core.main.TestCaseExecutor.accessMainPhase(TestCaseExecutor.java:355)
	at com.kms.katalon.core.main.TestCaseExecutor.execute(TestCaseExecutor.java:251)
	at com.kms.katalon.core.main.TestSuiteExecutor.accessTestCaseMainPhase(TestSuiteExecutor.java:203)
	at com.kms.katalon.core.main.TestSuiteExecutor.accessTestSuiteMainPhase(TestSuiteExecutor.java:152)
	at com.kms.katalon.core.main.TestSuiteExecutor.execute(TestSuiteExecutor.java:95)
	at com.kms.katalon.core.main.TestCaseMain.startTestSuite(TestCaseMain.java:157)
	at com.kms.katalon.core.main.TestCaseMain$startTestSuite$0.call(Unknown Source)
	at TempTestSuite1615350052361.run(TempTestSuite1615350052361.groovy:39)
Caused by: com.kms.katalon.core.webui.exception.WebElementNotFoundException: Web element with id: 'Object Repository/Individual Value-B/RadioButton_Question_No_04 - DD' located by '/html/body/section[2]/div/div/div/form/div[3]/div/div/div/div[3]/div[4]/table/tbody/tr/td[?]/input' not found
	at com.kms.katalon.core.webui.common.WebUiCommonHelper.findWebElement(WebUiCommonHelper.java:1369)
	at com.kms.katalon.core.webui.keyword.internal.WebUIAbstractKeyword.findWebElement(WebUIAbstractKeyword.groovy:27)
	at com.kms.katalon.core.webui.keyword.internal.WebUIAbstractKeyword.findWebElement(WebUIAbstractKeyword.groovy:26)
	at com.kms.katalon.core.webui.keyword.builtin.ClickKeyword$_click_closure1.doCall(ClickKeyword.groovy:67)
	at com.kms.katalon.core.webui.keyword.builtin.ClickKeyword$_click_closure1.call(ClickKeyword.groovy)
	at com.kms.katalon.core.webui.keyword.internal.WebUIKeywordMain.runKeyword(WebUIKeywordMain.groovy:20)
	at com.kms.katalon.core.webui.keyword.builtin.ClickKeyword.click(ClickKeyword.groovy:76)
	at com.kms.katalon.core.webui.keyword.builtin.ClickKeyword.execute(ClickKeyword.groovy:43)
	at com.kms.katalon.core.keyword.internal.KeywordExecutor.executeKeywordForPlatform(KeywordExecutor.groovy:73)
	at com.kms.katalon.core.webui.keyword.WebUiBuiltInKeywords.click(WebUiBuiltInKeywords.groovy:617)
	at com.kms.katalon.core.webui.keyword.WebUiBuiltInKeywords$click$2.call(Unknown Source)
	at Script1615165922619.run(Script1615165922619.groovy:40)
	... 13 more
)
[[ATTACHMENT|C:\\Users\\yubas\\git\\pamela-survey\\Reports\\20210310_112052\\Survey Individual Value-B\\20210310_112052\\1615350115763.png]]

2021-03-10 11:21:56 - [TEST_STEP][PASSED] - click(findTestObject("Individual Value-B/RadioButton_Question_No_05 - DD")): Object: 'Object Repository/Individual Value-B/RadioButton_Question_No_05 - DD' is clicked on

2021-03-10 11:21:56 - [MESSAGE][PASSED] - Object: 'Object Repository/Individual Value-B/RadioButton_Question_No_05 - DD' is clicked on

2021-03-10 11:21:56 - [TEST_STEP][PASSED] - delay(1): Delayed 1 second(s)

2021-03-10 11:21:57 - [MESSAGE][PASSED] - Delayed 1 second(s)

2021-03-10 11:21:57 - [TEST_STEP][PASSED] - click(findTestObject("Individual Value-B/Button_Next")): Object: 'Object Repository/Individual Value-B/Button_Next' is clicked on

2021-03-10 11:21:57 - [MESSAGE][PASSED] - Object: 'Object Repository/Individual Value-B/Button_Next' is clicked on

2021-03-10 11:21:57 - [TEST_STEP][PASSED] - delay(1): Delayed 1 second(s)

2021-03-10 11:21:58 - [MESSAGE][PASSED] - Delayed 1 second(s)

2021-03-10 11:21:58 - [TEST_STEP][PASSED] - click(findTestObject("Individual Value-B/RadioButton_Question_No_06 - DD")): Object: 'Object Repository/Individual Value-B/RadioButton_Question_No_06 - DD' is clicked on

2021-03-10 11:21:58 - [MESSAGE][PASSED] - Object: 'Object Repository/Individual Value-B/RadioButton_Question_No_06 - DD' is clicked on

2021-03-10 11:21:58 - [TEST_STEP][PASSED] - click(findTestObject("Individual Value-B/RadioButton_Question_No_07 - DD")): Object: 'Object Repository/Individual Value-B/RadioButton_Question_No_07 - DD' is clicked on

2021-03-10 11:21:58 - [MESSAGE][PASSED] - Object: 'Object Repository/Individual Value-B/RadioButton_Question_No_07 - DD' is clicked on

2021-03-10 11:21:58 - [TEST_STEP][PASSED] - scrollToElement(findTestObject("Leadership/Button_Next"), 3): Scroll to object 'Object Repository/Leadership/Button_Next' successfully

2021-03-10 11:21:59 - [MESSAGE][PASSED] - Scroll to object 'Object Repository/Leadership/Button_Next' successfully

2021-03-10 11:21:59 - [TEST_STEP][PASSED] - click(findTestObject("Individual Value-B/RadioButton_Question_No_08 - DD")): Object: 'Object Repository/Individual Value-B/RadioButton_Question_No_08 - DD' is clicked on

2021-03-10 11:21:59 - [MESSAGE][PASSED] - Object: 'Object Repository/Individual Value-B/RadioButton_Question_No_08 - DD' is clicked on

2021-03-10 11:21:59 - [TEST_STEP][PASSED] - click(findTestObject("Individual Value-B/RadioButton_Question_No_09 - DD")): Object: 'Object Repository/Individual Value-B/RadioButton_Question_No_09 - DD' is clicked on

2021-03-10 11:21:59 - [MESSAGE][PASSED] - Object: 'Object Repository/Individual Value-B/RadioButton_Question_No_09 - DD' is clicked on

2021-03-10 11:21:59 - [TEST_STEP][PASSED] - click(findTestObject("Individual Value-B/RadioButton_Question_No_10 - DD")): Object: 'Object Repository/Individual Value-B/RadioButton_Question_No_10 - DD' is clicked on

2021-03-10 11:21:59 - [MESSAGE][PASSED] - Object: 'Object Repository/Individual Value-B/RadioButton_Question_No_10 - DD' is clicked on

2021-03-10 11:21:59 - [TEST_STEP][PASSED] - delay(1): Delayed 1 second(s)

2021-03-10 11:22:00 - [MESSAGE][PASSED] - Delayed 1 second(s)

2021-03-10 11:22:00 - [TEST_STEP][PASSED] - click(findTestObject("Individual Value-B/Button_Next")): Object: 'Object Repository/Individual Value-B/Button_Next' is clicked on

2021-03-10 11:22:00 - [MESSAGE][PASSED] - Object: 'Object Repository/Individual Value-B/Button_Next' is clicked on

2021-03-10 11:22:00 - [TEST_STEP][PASSED] - delay(1): Delayed 1 second(s)

2021-03-10 11:22:01 - [MESSAGE][PASSED] - Delayed 1 second(s)

2021-03-10 11:22:01 - [TEST_STEP][PASSED] - click(findTestObject("Individual Value-B/RadioButton_Question_No_11 - DD")): Object: 'Object Repository/Individual Value-B/RadioButton_Question_No_11 - DD' is clicked on

2021-03-10 11:22:01 - [MESSAGE][PASSED] - Object: 'Object Repository/Individual Value-B/RadioButton_Question_No_11 - DD' is clicked on

2021-03-10 11:22:01 - [TEST_STEP][PASSED] - click(findTestObject("Individual Value-B/RadioButton_Question_No_12 - DD")): Object: 'Object Repository/Individual Value-B/RadioButton_Question_No_12 - DD' is clicked on

2021-03-10 11:22:02 - [MESSAGE][PASSED] - Object: 'Object Repository/Individual Value-B/RadioButton_Question_No_12 - DD' is clicked on

2021-03-10 11:22:02 - [TEST_STEP][PASSED] - scrollToElement(findTestObject("Leadership/Button_Next"), 3): Scroll to object 'Object Repository/Leadership/Button_Next' successfully

2021-03-10 11:22:02 - [MESSAGE][PASSED] - Scroll to object 'Object Repository/Leadership/Button_Next' successfully

2021-03-10 11:22:02 - [TEST_STEP][PASSED] - click(findTestObject("Individual Value-B/RadioButton_Question_No_13 - DD")): Object: 'Object Repository/Individual Value-B/RadioButton_Question_No_13 - DD' is clicked on

2021-03-10 11:22:02 - [MESSAGE][PASSED] - Object: 'Object Repository/Individual Value-B/RadioButton_Question_No_13 - DD' is clicked on

2021-03-10 11:22:02 - [TEST_STEP][PASSED] - click(findTestObject("Individual Value-B/RadioButton_Question_No_14 - DD")): Object: 'Object Repository/Individual Value-B/RadioButton_Question_No_14 - DD' is clicked on

2021-03-10 11:22:02 - [MESSAGE][PASSED] - Object: 'Object Repository/Individual Value-B/RadioButton_Question_No_14 - DD' is clicked on

2021-03-10 11:22:02 - [TEST_STEP][PASSED] - click(findTestObject("Individual Value-B/RadioButton_Question_No_15 - DD")): Object: 'Object Repository/Individual Value-B/RadioButton_Question_No_15 - DD' is clicked on

2021-03-10 11:22:02 - [MESSAGE][PASSED] - Object: 'Object Repository/Individual Value-B/RadioButton_Question_No_15 - DD' is clicked on

2021-03-10 11:22:02 - [TEST_STEP][PASSED] - delay(1): Delayed 1 second(s)

2021-03-10 11:22:03 - [MESSAGE][PASSED] - Delayed 1 second(s)

2021-03-10 11:22:03 - [TEST_STEP][PASSED] - click(findTestObject("Individual Value-B/Button_Next")): Object: 'Object Repository/Individual Value-B/Button_Next' is clicked on

2021-03-10 11:22:03 - [MESSAGE][PASSED] - Object: 'Object Repository/Individual Value-B/Button_Next' is clicked on

2021-03-10 11:22:03 - [TEST_STEP][PASSED] - delay(1): Delayed 1 second(s)

2021-03-10 11:22:04 - [MESSAGE][PASSED] - Delayed 1 second(s)

2021-03-10 11:22:04 - [TEST_STEP][PASSED] - click(findTestObject("Individual Value-B/RadioButton_Question_No_16 - DD")): Object: 'Object Repository/Individual Value-B/RadioButton_Question_No_16 - DD' is clicked on

2021-03-10 11:22:05 - [MESSAGE][PASSED] - Object: 'Object Repository/Individual Value-B/RadioButton_Question_No_16 - DD' is clicked on

2021-03-10 11:22:05 - [TEST_STEP][PASSED] - click(findTestObject("Individual Value-B/RadioButton_Question_No_17 - DD")): Object: 'Object Repository/Individual Value-B/RadioButton_Question_No_17 - DD' is clicked on

2021-03-10 11:22:05 - [MESSAGE][PASSED] - Object: 'Object Repository/Individual Value-B/RadioButton_Question_No_17 - DD' is clicked on

2021-03-10 11:22:05 - [TEST_STEP][PASSED] - scrollToElement(findTestObject("Leadership/Button_Next"), 3): Scroll to object 'Object Repository/Leadership/Button_Next' successfully

2021-03-10 11:22:05 - [MESSAGE][PASSED] - Scroll to object 'Object Repository/Leadership/Button_Next' successfully

2021-03-10 11:22:05 - [TEST_STEP][PASSED] - click(findTestObject("Individual Value-B/RadioButton_Question_No_18 - DD")): Object: 'Object Repository/Individual Value-B/RadioButton_Question_No_18 - DD' is clicked on

2021-03-10 11:22:05 - [MESSAGE][PASSED] - Object: 'Object Repository/Individual Value-B/RadioButton_Question_No_18 - DD' is clicked on

2021-03-10 11:22:05 - [TEST_STEP][PASSED] - click(findTestObject("Individual Value-B/RadioButton_Question_No_19 - DD")): Object: 'Object Repository/Individual Value-B/RadioButton_Question_No_19 - DD' is clicked on

2021-03-10 11:22:05 - [MESSAGE][PASSED] - Object: 'Object Repository/Individual Value-B/RadioButton_Question_No_19 - DD' is clicked on

2021-03-10 11:22:05 - [TEST_STEP][PASSED] - click(findTestObject("Individual Value-B/RadioButton_Question_No_20 - DD")): Object: 'Object Repository/Individual Value-B/RadioButton_Question_No_20 - DD' is clicked on

2021-03-10 11:22:05 - [MESSAGE][PASSED] - Object: 'Object Repository/Individual Value-B/RadioButton_Question_No_20 - DD' is clicked on

2021-03-10 11:22:05 - [TEST_STEP][PASSED] - delay(1): Delayed 1 second(s)

2021-03-10 11:22:06 - [MESSAGE][PASSED] - Delayed 1 second(s)

2021-03-10 11:22:06 - [TEST_STEP][PASSED] - click(findTestObject("Individual Value-B/Button_Submit")): Object: 'Object Repository/Individual Value-B/Button_Submit' is clicked on

2021-03-10 11:22:06 - [MESSAGE][PASSED] - Object: 'Object Repository/Individual Value-B/Button_Submit' is clicked on

2021-03-10 11:22:06 - [TEST_STEP][PASSED] - takeScreenshot(): Taking screenshot successfully

2021-03-10 11:22:07 - [MESSAGE][PASSED] - Taking screenshot successfully
[[ATTACHMENT|C:\\Users\\yubas\\git\\pamela-survey\\Reports\\20210310_112052\\Survey Individual Value-B\\20210310_112052\\1615350127003.png]]

2021-03-10 11:22:07 - [TEST_STEP][PASSED] - delay(2): Delayed 2 second(s)

2021-03-10 11:22:09 - [MESSAGE][PASSED] - Delayed 2 second(s)

2021-03-10 11:22:09 - [TEST_STEP][FAILED] - click(findTestObject("Individual Value-B/Button_Home")): Unable to click on object 'Object Repository/Individual Value-B/Button_Home' (Root cause: com.kms.katalon.core.exception.StepFailedException: Unable to click on object 'Object Repository/Individual Value-B/Button_Home'
	at com.kms.katalon.core.webui.keyword.internal.WebUIKeywordMain.stepFailed(WebUIKeywordMain.groovy:64)
	at com.kms.katalon.core.webui.keyword.internal.WebUIKeywordMain.runKeyword(WebUIKeywordMain.groovy:26)
	at com.kms.katalon.core.webui.keyword.builtin.ClickKeyword.click(ClickKeyword.groovy:76)
	at com.kms.katalon.core.webui.keyword.builtin.ClickKeyword.execute(ClickKeyword.groovy:43)
	at com.kms.katalon.core.keyword.internal.KeywordExecutor.executeKeywordForPlatform(KeywordExecutor.groovy:73)
	at com.kms.katalon.core.webui.keyword.WebUiBuiltInKeywords.click(WebUiBuiltInKeywords.groovy:617)
	at com.kms.katalon.core.webui.keyword.WebUiBuiltInKeywords$click$2.call(Unknown Source)
	at Individual Value-B - DD.run(Individual Value-B - DD:89)
	at com.kms.katalon.core.main.ScriptEngine.run(ScriptEngine.java:194)
	at com.kms.katalon.core.main.ScriptEngine.runScriptAsRawText(ScriptEngine.java:119)
	at com.kms.katalon.core.main.TestCaseExecutor.runScript(TestCaseExecutor.java:393)
	at com.kms.katalon.core.main.TestCaseExecutor.doExecute(TestCaseExecutor.java:384)
	at com.kms.katalon.core.main.TestCaseExecutor.processExecutionPhase(TestCaseExecutor.java:363)
	at com.kms.katalon.core.main.TestCaseExecutor.accessMainPhase(TestCaseExecutor.java:355)
	at com.kms.katalon.core.main.TestCaseExecutor.execute(TestCaseExecutor.java:251)
	at com.kms.katalon.core.main.TestSuiteExecutor.accessTestCaseMainPhase(TestSuiteExecutor.java:203)
	at com.kms.katalon.core.main.TestSuiteExecutor.accessTestSuiteMainPhase(TestSuiteExecutor.java:152)
	at com.kms.katalon.core.main.TestSuiteExecutor.execute(TestSuiteExecutor.java:95)
	at com.kms.katalon.core.main.TestCaseMain.startTestSuite(TestCaseMain.java:157)
	at com.kms.katalon.core.main.TestCaseMain$startTestSuite$0.call(Unknown Source)
	at TempTestSuite1615350052361.run(TempTestSuite1615350052361.groovy:39)
Caused by: com.kms.katalon.core.webui.exception.WebElementNotFoundException: Web element with id: 'Object Repository/Individual Value-B/Button_Home' located by '//input[@id='ctl00_ContentPlaceHolder2_btnHome']' not found
	at com.kms.katalon.core.webui.common.WebUiCommonHelper.findWebElement(WebUiCommonHelper.java:1369)
	at com.kms.katalon.core.webui.keyword.internal.WebUIAbstractKeyword.findWebElement(WebUIAbstractKeyword.groovy:27)
	at com.kms.katalon.core.webui.keyword.internal.WebUIAbstractKeyword.findWebElement(WebUIAbstractKeyword.groovy:26)
	at com.kms.katalon.core.webui.keyword.builtin.ClickKeyword$_click_closure1.doCall(ClickKeyword.groovy:67)
	at com.kms.katalon.core.webui.keyword.builtin.ClickKeyword$_click_closure1.call(ClickKeyword.groovy)
	at com.kms.katalon.core.webui.keyword.internal.WebUIKeywordMain.runKeyword(WebUIKeywordMain.groovy:20)
	at com.kms.katalon.core.webui.keyword.builtin.ClickKeyword.click(ClickKeyword.groovy:76)
	at com.kms.katalon.core.webui.keyword.builtin.ClickKeyword.execute(ClickKeyword.groovy:43)
	at com.kms.katalon.core.keyword.internal.KeywordExecutor.executeKeywordForPlatform(KeywordExecutor.groovy:73)
	at com.kms.katalon.core.webui.keyword.WebUiBuiltInKeywords.click(WebUiBuiltInKeywords.groovy:617)
	at com.kms.katalon.core.webui.keyword.WebUiBuiltInKeywords$click$2.call(Unknown Source)
	at Script1615165922619.run(Script1615165922619.groovy:89)
	... 13 more
)

2021-03-10 11:22:40 - [MESSAGE][INFO] - Unable to find the element located by 'By.xpath: //input[@id='ctl00_ContentPlaceHolder2_btnHome']'. Please recheck the objects properties to make sure the desired element is located. 

2021-03-10 11:22:40 - [MESSAGE][FAILED] - Unable to click on object 'Object Repository/Individual Value-B/Button_Home' (Root cause: com.kms.katalon.core.exception.StepFailedException: Unable to click on object 'Object Repository/Individual Value-B/Button_Home'
	at com.kms.katalon.core.webui.keyword.internal.WebUIKeywordMain.stepFailed(WebUIKeywordMain.groovy:64)
	at com.kms.katalon.core.webui.keyword.internal.WebUIKeywordMain.runKeyword(WebUIKeywordMain.groovy:26)
	at com.kms.katalon.core.webui.keyword.builtin.ClickKeyword.click(ClickKeyword.groovy:76)
	at com.kms.katalon.core.webui.keyword.builtin.ClickKeyword.execute(ClickKeyword.groovy:43)
	at com.kms.katalon.core.keyword.internal.KeywordExecutor.executeKeywordForPlatform(KeywordExecutor.groovy:73)
	at com.kms.katalon.core.webui.keyword.WebUiBuiltInKeywords.click(WebUiBuiltInKeywords.groovy:617)
	at com.kms.katalon.core.webui.keyword.WebUiBuiltInKeywords$click$2.call(Unknown Source)
	at Individual Value-B - DD.run(Individual Value-B - DD:89)
	at com.kms.katalon.core.main.ScriptEngine.run(ScriptEngine.java:194)
	at com.kms.katalon.core.main.ScriptEngine.runScriptAsRawText(ScriptEngine.java:119)
	at com.kms.katalon.core.main.TestCaseExecutor.runScript(TestCaseExecutor.java:393)
	at com.kms.katalon.core.main.TestCaseExecutor.doExecute(TestCaseExecutor.java:384)
	at com.kms.katalon.core.main.TestCaseExecutor.processExecutionPhase(TestCaseExecutor.java:363)
	at com.kms.katalon.core.main.TestCaseExecutor.accessMainPhase(TestCaseExecutor.java:355)
	at com.kms.katalon.core.main.TestCaseExecutor.execute(TestCaseExecutor.java:251)
	at com.kms.katalon.core.main.TestSuiteExecutor.accessTestCaseMainPhase(TestSuiteExecutor.java:203)
	at com.kms.katalon.core.main.TestSuiteExecutor.accessTestSuiteMainPhase(TestSuiteExecutor.java:152)
	at com.kms.katalon.core.main.TestSuiteExecutor.execute(TestSuiteExecutor.java:95)
	at com.kms.katalon.core.main.TestCaseMain.startTestSuite(TestCaseMain.java:157)
	at com.kms.katalon.core.main.TestCaseMain$startTestSuite$0.call(Unknown Source)
	at TempTestSuite1615350052361.run(TempTestSuite1615350052361.groovy:39)
Caused by: com.kms.katalon.core.webui.exception.WebElementNotFoundException: Web element with id: 'Object Repository/Individual Value-B/Button_Home' located by '//input[@id='ctl00_ContentPlaceHolder2_btnHome']' not found
	at com.kms.katalon.core.webui.common.WebUiCommonHelper.findWebElement(WebUiCommonHelper.java:1369)
	at com.kms.katalon.core.webui.keyword.internal.WebUIAbstractKeyword.findWebElement(WebUIAbstractKeyword.groovy:27)
	at com.kms.katalon.core.webui.keyword.internal.WebUIAbstractKeyword.findWebElement(WebUIAbstractKeyword.groovy:26)
	at com.kms.katalon.core.webui.keyword.builtin.ClickKeyword$_click_closure1.doCall(ClickKeyword.groovy:67)
	at com.kms.katalon.core.webui.keyword.builtin.ClickKeyword$_click_closure1.call(ClickKeyword.groovy)
	at com.kms.katalon.core.webui.keyword.internal.WebUIKeywordMain.runKeyword(WebUIKeywordMain.groovy:20)
	at com.kms.katalon.core.webui.keyword.builtin.ClickKeyword.click(ClickKeyword.groovy:76)
	at com.kms.katalon.core.webui.keyword.builtin.ClickKeyword.execute(ClickKeyword.groovy:43)
	at com.kms.katalon.core.keyword.internal.KeywordExecutor.executeKeywordForPlatform(KeywordExecutor.groovy:73)
	at com.kms.katalon.core.webui.keyword.WebUiBuiltInKeywords.click(WebUiBuiltInKeywords.groovy:617)
	at com.kms.katalon.core.webui.keyword.WebUiBuiltInKeywords$click$2.call(Unknown Source)
	at Script1615165922619.run(Script1615165922619.groovy:89)
	... 13 more
)
[[ATTACHMENT|C:\\Users\\yubas\\git\\pamela-survey\\Reports\\20210310_112052\\Survey Individual Value-B\\20210310_112052\\1615350160403.png]]

2021-03-10 11:22:40 - [TEST_STEP][PASSED] - delay(3): Delayed 3 second(s)

2021-03-10 11:22:43 - [MESSAGE][PASSED] - Delayed 3 second(s)

2021-03-10 11:22:43 - [TEST_STEP][PASSED] - closeBrowser(): Browser is closed

2021-03-10 11:22:44 - [MESSAGE][PASSED] - Browser is closed

2021-03-10 11:22:46 - [TEST_STEP][PASSED] - Video: Video recording for test case 'Test Cases/Individual Value-B - DD' .

2021-03-10 11:22:46 - [MESSAGE][INFO] - Video recording for test case 'Test Cases/Individual Value-B - DD' .]]></system-out>
         <system-err><![CDATA[2021-03-10 11:21:03 - [TEST_CASE][FAILED] - Test Cases/Individual Value-B - DD: Test Cases/Individual Value-B - DD FAILED.
Reason:
com.kms.katalon.core.exception.StepFailedException: Unable to click on object 'Object Repository/Individual Value-B/RadioButton_Question_No_04 - DD' (Root cause: com.kms.katalon.core.exception.StepFailedException: Unable to click on object 'Object Repository/Individual Value-B/RadioButton_Question_No_04 - DD'
	at com.kms.katalon.core.webui.keyword.internal.WebUIKeywordMain.stepFailed(WebUIKeywordMain.groovy:64)
	at com.kms.katalon.core.webui.keyword.internal.WebUIKeywordMain.runKeyword(WebUIKeywordMain.groovy:26)
	at com.kms.katalon.core.webui.keyword.builtin.ClickKeyword.click(ClickKeyword.groovy:76)
	at com.kms.katalon.core.webui.keyword.builtin.ClickKeyword.execute(ClickKeyword.groovy:43)
	at com.kms.katalon.core.keyword.internal.KeywordExecutor.executeKeywordForPlatform(KeywordExecutor.groovy:73)
	at com.kms.katalon.core.webui.keyword.WebUiBuiltInKeywords.click(WebUiBuiltInKeywords.groovy:617)
	at com.kms.katalon.core.webui.keyword.WebUiBuiltInKeywords$click$2.call(Unknown Source)
	at Individual Value-B - DD.run(Individual Value-B - DD:40)
	at com.kms.katalon.core.main.ScriptEngine.run(ScriptEngine.java:194)
	at com.kms.katalon.core.main.ScriptEngine.runScriptAsRawText(ScriptEngine.java:119)
	at com.kms.katalon.core.main.TestCaseExecutor.runScript(TestCaseExecutor.java:393)
	at com.kms.katalon.core.main.TestCaseExecutor.doExecute(TestCaseExecutor.java:384)
	at com.kms.katalon.core.main.TestCaseExecutor.processExecutionPhase(TestCaseExecutor.java:363)
	at com.kms.katalon.core.main.TestCaseExecutor.accessMainPhase(TestCaseExecutor.java:355)
	at com.kms.katalon.core.main.TestCaseExecutor.execute(TestCaseExecutor.java:251)
	at com.kms.katalon.core.main.TestSuiteExecutor.accessTestCaseMainPhase(TestSuiteExecutor.java:203)
	at com.kms.katalon.core.main.TestSuiteExecutor.accessTestSuiteMainPhase(TestSuiteExecutor.java:152)
	at com.kms.katalon.core.main.TestSuiteExecutor.execute(TestSuiteExecutor.java:95)
	at com.kms.katalon.core.main.TestCaseMain.startTestSuite(TestCaseMain.java:157)
	at com.kms.katalon.core.main.TestCaseMain$startTestSuite$0.call(Unknown Source)
	at TempTestSuite1615350052361.run(TempTestSuite1615350052361.groovy:39)
Caused by: com.kms.katalon.core.webui.exception.WebElementNotFoundException: Web element with id: 'Object Repository/Individual Value-B/RadioButton_Question_No_04 - DD' located by '/html/body/section[2]/div/div/div/form/div[3]/div/div/div/div[3]/div[4]/table/tbody/tr/td[?]/input' not found
	at com.kms.katalon.core.webui.common.WebUiCommonHelper.findWebElement(WebUiCommonHelper.java:1369)
	at com.kms.katalon.core.webui.keyword.internal.WebUIAbstractKeyword.findWebElement(WebUIAbstractKeyword.groovy:27)
	at com.kms.katalon.core.webui.keyword.internal.WebUIAbstractKeyword.findWebElement(WebUIAbstractKeyword.groovy:26)
	at com.kms.katalon.core.webui.keyword.builtin.ClickKeyword$_click_closure1.doCall(ClickKeyword.groovy:67)
	at com.kms.katalon.core.webui.keyword.builtin.ClickKeyword$_click_closure1.call(ClickKeyword.groovy)
	at com.kms.katalon.core.webui.keyword.internal.WebUIKeywordMain.runKeyword(WebUIKeywordMain.groovy:20)
	at com.kms.katalon.core.webui.keyword.builtin.ClickKeyword.click(ClickKeyword.groovy:76)
	at com.kms.katalon.core.webui.keyword.builtin.ClickKeyword.execute(ClickKeyword.groovy:43)
	at com.kms.katalon.core.keyword.internal.KeywordExecutor.executeKeywordForPlatform(KeywordExecutor.groovy:73)
	at com.kms.katalon.core.webui.keyword.WebUiBuiltInKeywords.click(WebUiBuiltInKeywords.groovy:617)
	at com.kms.katalon.core.webui.keyword.WebUiBuiltInKeywords$click$2.call(Unknown Source)
	at Script1615165922619.run(Script1615165922619.groovy:40)
	... 13 more
)
	at com.kms.katalon.core.keyword.internal.KeywordMain.stepFailed(KeywordMain.groovy:39)
	at com.kms.katalon.core.webui.keyword.internal.WebUIKeywordMain.stepFailed(WebUIKeywordMain.groovy:64)
	at com.kms.katalon.core.webui.keyword.internal.WebUIKeywordMain.runKeyword(WebUIKeywordMain.groovy:26)
	at com.kms.katalon.core.webui.keyword.builtin.ClickKeyword.click(ClickKeyword.groovy:76)
	at com.kms.katalon.core.webui.keyword.builtin.ClickKeyword.execute(ClickKeyword.groovy:43)
	at com.kms.katalon.core.keyword.internal.KeywordExecutor.executeKeywordForPlatform(KeywordExecutor.groovy:73)
	at com.kms.katalon.core.webui.keyword.WebUiBuiltInKeywords.click(WebUiBuiltInKeywords.groovy:617)
	at com.kms.katalon.core.webui.keyword.WebUiBuiltInKeywords$click$2.call(Unknown Source)
	at Individual Value-B - DD.run(Individual Value-B - DD:40)
	at com.kms.katalon.core.main.ScriptEngine.run(ScriptEngine.java:194)
	at com.kms.katalon.core.main.ScriptEngine.runScriptAsRawText(ScriptEngine.java:119)
	at com.kms.katalon.core.main.TestCaseExecutor.runScript(TestCaseExecutor.java:393)
	at com.kms.katalon.core.main.TestCaseExecutor.doExecute(TestCaseExecutor.java:384)
	at com.kms.katalon.core.main.TestCaseExecutor.processExecutionPhase(TestCaseExecutor.java:363)
	at com.kms.katalon.core.main.TestCaseExecutor.accessMainPhase(TestCaseExecutor.java:355)
	at com.kms.katalon.core.main.TestCaseExecutor.execute(TestCaseExecutor.java:251)
	at com.kms.katalon.core.main.TestSuiteExecutor.accessTestCaseMainPhase(TestSuiteExecutor.java:203)
	at com.kms.katalon.core.main.TestSuiteExecutor.accessTestSuiteMainPhase(TestSuiteExecutor.java:152)
	at com.kms.katalon.core.main.TestSuiteExecutor.execute(TestSuiteExecutor.java:95)
	at com.kms.katalon.core.main.TestCaseMain.startTestSuite(TestCaseMain.java:157)
	at com.kms.katalon.core.main.TestCaseMain$startTestSuite$0.call(Unknown Source)
	at TempTestSuite1615350052361.run(TempTestSuite1615350052361.groovy:39)
Caused by: com.kms.katalon.core.exception.StepFailedException: Unable to click on object 'Object Repository/Individual Value-B/RadioButton_Question_No_04 - DD'
	... 21 more
Caused by: com.kms.katalon.core.webui.exception.WebElementNotFoundException: Web element with id: 'Object Repository/Individual Value-B/RadioButton_Question_No_04 - DD' located by '/html/body/section[2]/div/div/div/form/div[3]/div/div/div/div[3]/div[4]/table/tbody/tr/td[?]/input' not found
	at com.kms.katalon.core.webui.common.WebUiCommonHelper.findWebElement(WebUiCommonHelper.java:1369)
	at com.kms.katalon.core.webui.keyword.internal.WebUIAbstractKeyword.findWebElement(WebUIAbstractKeyword.groovy:27)
	at com.kms.katalon.core.webui.keyword.internal.WebUIAbstractKeyword.findWebElement(WebUIAbstractKeyword.groovy:26)
	at com.kms.katalon.core.webui.keyword.builtin.ClickKeyword$_click_closure1.doCall(ClickKeyword.groovy:67)
	at com.kms.katalon.core.webui.keyword.builtin.ClickKeyword$_click_closure1.call(ClickKeyword.groovy)
	at com.kms.katalon.core.webui.keyword.internal.WebUIKeywordMain.runKeyword(WebUIKeywordMain.groovy:20)
	... 19 more]]></system-err>
      </testcase>
      <system-out><![CDATA[2021-03-10 11:21:02 - [TEST_SUITE][INCOMPLETE] - Survey Individual Value-B: null]]></system-out>
      <system-err><![CDATA[2021-03-10 11:21:02 - [TEST_SUITE][INCOMPLETE] - Survey Individual Value-B: null]]></system-err>
   </testsuite>
</testsuites>
